<?xml version="1.0" encoding="UTF-8"?>
<!-- Generated by org.testng.reporters.JUnitXMLReporter -->
<testsuite ignored="0" hostname="DESKTOP-4N444J5" failures="0" tests="4" name="PetTests" time="12.036" errors="0" timestamp="2024-08-08T14:26:00 IST">
  <testcase classname="api.test.UserTests2" name="testPostUser" time="3.963"/>
  <testcase classname="api.test.UserTests2" name="testGetUserByName" time="1.734"/>
  <testcase classname="api.test.UserTests2" name="testUpdateUserByName" time="3.154"/>
  <testcase classname="api.test.UserTests2" name="testDeleteUserByName" time="1.695"/>
</testsuite> <!-- PetTests -->
